[debug] ----------------------------------------------------------------------
[debug] Command:      /usr/local/bin/node /usr/local/bin/firebase deploy
[debug] CLI Version:  3.5.0
[debug] Platform:     darwin
[debug] Node Version: v7.7.1
[debug] Time:         Fri Mar 24 2017 15:50:47 GMT-0400 (EDT)
[debug] ----------------------------------------------------------------------
[debug] 
[debug] > command requires scopes: ["email","openid","https://www.googleapis.com/auth/cloudplatformprojects.readonly","https://www.googleapis.com/auth/firebase","https://www.googleapis.com/auth/cloud-platform"]
[debug] >>> HTTP REQUEST GET https://admin.firebase.com/v1/projects/askthetarot-1ba68  
 Fri Mar 24 2017 15:50:47 GMT-0400 (EDT)
[debug] <<< HTTP RESPONSE 200
[debug] >>> HTTP REQUEST GET https://admin.firebase.com/v1/database/askthetarot-1ba68/tokens  
 Fri Mar 24 2017 15:50:48 GMT-0400 (EDT)
[debug] <<< HTTP RESPONSE 200
[info] 
[info] === Deploying to 'askthetarot-1ba68'...
[info] 
[info] i  deploying database, functions, hosting
[info] ✔  database: rules ready to deploy.
[debug] > [functions] package.json contents: {
  "name": "functions",
  "description": "Cloud Functions for Firebase",
  "dependencies": {
    "firebase-admin": "^4.1.2",
    "firebase-functions": "^0.5"
  },
  "private": true
}
[info] i  functions: ensuring necessary APIs are enabled...
[info] i  runtimeconfig: ensuring necessary APIs are enabled...
[debug] >>> HTTP REQUEST GET https://servicemanagement.googleapis.com/v1/services/cloudfunctions.googleapis.com/projectSettings/askthetarot-1ba68?view=CONSUMER_VIEW  
 Fri Mar 24 2017 15:50:48 GMT-0400 (EDT)
[debug] >>> HTTP REQUEST GET https://servicemanagement.googleapis.com/v1/services/runtimeconfig.googleapis.com/projectSettings/askthetarot-1ba68?view=CONSUMER_VIEW  
 Fri Mar 24 2017 15:50:48 GMT-0400 (EDT)
[debug] <<< HTTP RESPONSE 200
[info] ✔  runtimeconfig: all necessary APIs are enabled
[debug] <<< HTTP RESPONSE 200
[info] ✔  functions: all necessary APIs are enabled
[debug] >>> HTTP REQUEST GET https://appengine.googleapis.com/v1/apps/askthetarot-1ba68  
 Fri Mar 24 2017 15:50:49 GMT-0400 (EDT)
[debug] >>> HTTP REQUEST GET https://apikeys.googleapis.com/v1/projects/askthetarot-1ba68/apiKeys  
 Fri Mar 24 2017 15:50:49 GMT-0400 (EDT)
[debug] <<< HTTP RESPONSE 200
[debug] <<< HTTP RESPONSE 200
[info] i  functions: preparing functions directory for uploading...
[debug] >>> HTTP REQUEST GET https://runtimeconfig.googleapis.com/v1beta1/projects/askthetarot-1ba68/configs  
 Fri Mar 24 2017 15:51:00 GMT-0400 (EDT)
[debug] <<< HTTP RESPONSE 200
[debug] > [functions] runtime config materialized as: {
  "firebase": {
    "databaseURL": "https://askthetarot-1ba68.firebaseio.com",
    "storageBucket": "askthetarot-1ba68.appspot.com",
    "apiKey": "AIzaSyDrKACa5j_MEd-G-w7pT8QJrYAsrFUu8mY",
    "authDomain": "askthetarot-1ba68.firebaseapp.com"
  }
}
[debug] > [functions] parsed triggers: []
[info] i  hosting: preparing . directory for upload...
[debug] >>> HTTP REQUEST PUT https://deploy.firebase.com/v1/hosting/askthetarot-1ba68/uploads/-Kg0rlYXMvGA6ztbfaSe?fileCount=19192&message=  
 Fri Mar 24 2017 15:53:57 GMT-0400 (EDT)
[debug] <<< HTTP RESPONSE 200
[info] ✔  hosting: . folder uploaded successfully
